[2025-11-21 15:34:51] Iniciando exportarMovimientosCampo.php
[2025-11-21 15:34:51] Autoload cargado correctamente
[2025-11-21 15:34:51] Sesión iniciada
[2025-11-21 15:34:51] Conexión incluida
[2025-11-21 15:34:51] Conexión a BD verificada
[2025-11-21 09:34:51] Parámetros recibidos - fecha_inicio: 2025-11-01, fecha_fin: 2025-11-21, tipo_movimiento: , id_usu: todos
[2025-11-21 09:34:51] Hoja 1 - MOVIMIENTOS CAMPO creada
[2025-11-21 09:34:51] Filtro de fechas aplicado: 2025-11-01 00:00:00 a 2025-11-21 23:59:59
[2025-11-21 09:34:51] Exportando TODOS los encuestadores en el rango de fechas
[2025-11-21 09:34:51] WHERE construido: WHERE m.fecha_movimiento BETWEEN '2025-11-01 00:00:00' AND '2025-11-21 23:59:59'
[2025-11-21 09:34:51] Consulta de movimientos ejecutada correctamente. Filas encontradas: 2
[2025-11-21 09:34:51] SQL ejecutado: 
    SELECT m.*, 
           b.nombre_bar AS barrio_nombre, 
           c.nombre_com AS comuna_nombre,
           d.nombre_departamento AS departamento_nombre, 
           mu.nombre_municipio as ciudad_nombre,
           u.nombre AS nombre_usuario,
           CASE 
               WHEN m.estado_ficha = '0' THEN 'FICHA RETIRADA'
               WHEN m.estado_ficha = '1' THEN 'ACTIVA'
           END as estado_ficha_texto
    FROM movimientos_encuesta_campo m
    LEFT JOIN barrios b ON m.id_bar = b.id_bar
    LEFT JOIN comunas c ON m.id_com = c.id_com
    LEFT JOIN departamentos d ON m.departamento_expedicion = d.cod_departamento
    LEFT JOIN municipios mu ON m.ciudad_expedicion = mu.cod_municipio
    LEFT JOIN usuarios u ON m.id_usu = u.id_usu
    WHERE m.fecha_movimiento BETWEEN '2025-11-01 00:00:00' AND '2025-11-21 23:59:59'
    ORDER BY m.fecha_movimiento DESC
    
[2025-11-21 09:34:51] Datos de movimientos llenados en el Excel. Total filas: 2
[2025-11-21 09:34:51] Hoja 2 - ESTADISTICAS creada
[2025-11-21 09:34:51] ERROR: Unknown column 'cant_integrantes_encCampo' in 'field list'
[2025-11-21 09:34:51] Trace: #0 C:\xampp\htdocs\sisben\code\encuestacampo\exportarMovimientosCampo.php(221): mysqli_query(Object(mysqli), '\r\n    SELECT \r\n...')
#1 {main}
[2025-11-21 15:41:23] Iniciando exportarMovimientosCampo.php
[2025-11-21 15:41:23] Autoload cargado correctamente
[2025-11-21 15:41:23] Sesión iniciada
[2025-11-21 15:41:23] Conexión incluida
[2025-11-21 15:41:23] Conexión a BD verificada
[2025-11-21 09:41:23] Parámetros recibidos - fecha_inicio: 2025-11-01, fecha_fin: 2025-11-21, tipo_movimiento: , id_usu: todos
[2025-11-21 09:41:23] Hoja 1 - MOVIMIENTOS CAMPO creada
[2025-11-21 09:41:23] Filtro de fechas aplicado: 2025-11-01 00:00:00 a 2025-11-21 23:59:59
[2025-11-21 09:41:23] Exportando TODOS los encuestadores en el rango de fechas
[2025-11-21 09:41:23] WHERE construido: WHERE m.fecha_movimiento BETWEEN '2025-11-01 00:00:00' AND '2025-11-21 23:59:59'
[2025-11-21 09:41:23] Consulta de movimientos ejecutada correctamente. Filas encontradas: 2
[2025-11-21 09:41:23] SQL ejecutado: 
    SELECT m.*, 
           b.nombre_bar AS barrio_nombre, 
           c.nombre_com AS comuna_nombre,
           d.nombre_departamento AS departamento_nombre, 
           mu.nombre_municipio as ciudad_nombre,
           u.nombre AS nombre_usuario,
           CASE 
               WHEN m.estado_ficha = '0' THEN 'FICHA RETIRADA'
               WHEN m.estado_ficha = '1' THEN 'ACTIVA'
           END as estado_ficha_texto
    FROM movimientos_encuesta_campo m
    LEFT JOIN barrios b ON m.id_bar = b.id_bar
    LEFT JOIN comunas c ON m.id_com = c.id_com
    LEFT JOIN departamentos d ON m.departamento_expedicion = d.cod_departamento
    LEFT JOIN municipios mu ON m.ciudad_expedicion = mu.cod_municipio
    LEFT JOIN usuarios u ON m.id_usu = u.id_usu
    WHERE m.fecha_movimiento BETWEEN '2025-11-01 00:00:00' AND '2025-11-21 23:59:59'
    ORDER BY m.fecha_movimiento DESC
    
[2025-11-21 09:41:23] Datos de movimientos llenados en el Excel. Total filas: 2
[2025-11-21 09:41:23] Hoja 2 - ESTADISTICAS creada
[2025-11-21 09:41:23] Estadísticas generadas correctamente
[2025-11-21 09:41:23] Archivo Excel generado y enviado correctamente: Movimientos_Encuesta_Campo_20251121_094123.xlsx
[2025-11-21 15:41:36] Iniciando exportarMovimientosCampo.php
[2025-11-21 15:41:36] Autoload cargado correctamente
[2025-11-21 15:41:36] Sesión iniciada
[2025-11-21 15:41:36] Conexión incluida
[2025-11-21 15:41:36] Conexión a BD verificada
[2025-11-21 09:41:36] Parámetros recibidos - fecha_inicio: 2025-11-01, fecha_fin: 2025-11-21, tipo_movimiento: , id_usu: todos
[2025-11-21 09:41:36] Hoja 1 - MOVIMIENTOS CAMPO creada
[2025-11-21 09:41:36] Filtro de fechas aplicado: 2025-11-01 00:00:00 a 2025-11-21 23:59:59
[2025-11-21 09:41:36] Exportando TODOS los encuestadores en el rango de fechas
[2025-11-21 09:41:36] WHERE construido: WHERE m.fecha_movimiento BETWEEN '2025-11-01 00:00:00' AND '2025-11-21 23:59:59'
[2025-11-21 09:41:36] Consulta de movimientos ejecutada correctamente. Filas encontradas: 2
[2025-11-21 09:41:36] SQL ejecutado: 
    SELECT m.*, 
           b.nombre_bar AS barrio_nombre, 
           c.nombre_com AS comuna_nombre,
           d.nombre_departamento AS departamento_nombre, 
           mu.nombre_municipio as ciudad_nombre,
           u.nombre AS nombre_usuario,
           CASE 
               WHEN m.estado_ficha = '0' THEN 'FICHA RETIRADA'
               WHEN m.estado_ficha = '1' THEN 'ACTIVA'
           END as estado_ficha_texto
    FROM movimientos_encuesta_campo m
    LEFT JOIN barrios b ON m.id_bar = b.id_bar
    LEFT JOIN comunas c ON m.id_com = c.id_com
    LEFT JOIN departamentos d ON m.departamento_expedicion = d.cod_departamento
    LEFT JOIN municipios mu ON m.ciudad_expedicion = mu.cod_municipio
    LEFT JOIN usuarios u ON m.id_usu = u.id_usu
    WHERE m.fecha_movimiento BETWEEN '2025-11-01 00:00:00' AND '2025-11-21 23:59:59'
    ORDER BY m.fecha_movimiento DESC
    
[2025-11-21 09:41:36] Datos de movimientos llenados en el Excel. Total filas: 2
[2025-11-21 09:41:36] Hoja 2 - ESTADISTICAS creada
[2025-11-21 09:41:36] Estadísticas generadas correctamente
[2025-11-21 09:41:36] Archivo Excel generado y enviado correctamente: Movimientos_Encuesta_Campo_20251121_094136.xlsx
[2025-11-21 15:43:18] Iniciando exportarIntegrantesMovimientosCampo.php
[2025-11-21 09:43:18] Parámetros recibidos - fecha_inicio: 2025-01-01, fecha_fin: 2025-12-01, tipo_movimiento: , id_usu: todos
[2025-11-21 09:43:18] Hoja 1 - TOTALES INTEGRANTES creada
[2025-11-21 09:43:18] Filtro de fechas aplicado: 2025-01-01 00:00:00 a 2025-12-01 23:59:59
[2025-11-21 09:43:18] Consulta de totales ejecutada correctamente. Total integrantes: 0
[2025-11-21 09:43:18] Hoja de totales completada
[2025-11-21 09:43:18] Hoja 2 - DETALLE INTEGRANTES creada
[2025-11-21 09:43:18] Consulta de detalle ejecutada. Filas: 0
[2025-11-21 09:43:18] Detalle de integrantes llenado. Total filas: 0
[2025-11-21 09:43:18] Archivo Excel generado y enviado correctamente: Integrantes_Movimientos_Campo_20251121_094318.xlsx
[2025-11-21 15:52:48] Iniciando exportarMovimientosCampo.php
[2025-11-21 15:52:48] Autoload cargado correctamente
[2025-11-21 15:52:48] Sesión iniciada
[2025-11-21 15:52:48] Conexión incluida
[2025-11-21 15:52:48] Conexión a BD verificada
[2025-11-21 09:52:48] Parámetros recibidos - fecha_inicio: 2025-11-01, fecha_fin: 2025-11-21, tipo_movimiento: , id_usu: 1
[2025-11-21 09:52:48] Hoja 1 - MOVIMIENTOS CAMPO creada
[2025-11-21 09:52:48] Filtro de fechas aplicado: 2025-11-01 00:00:00 a 2025-11-21 23:59:59
[2025-11-21 09:52:48] Filtrando por usuario específico: 1
[2025-11-21 09:52:48] WHERE construido: WHERE m.fecha_movimiento BETWEEN '2025-11-01 00:00:00' AND '2025-11-21 23:59:59' AND m.id_usu = '1'
[2025-11-21 09:52:48] Consulta de movimientos ejecutada correctamente. Filas encontradas: 2
[2025-11-21 09:52:48] SQL ejecutado: 
    SELECT m.*, 
           b.nombre_bar AS barrio_nombre, 
           c.nombre_com AS comuna_nombre,
           d.nombre_departamento AS departamento_nombre, 
           mu.nombre_municipio as ciudad_nombre,
           u.nombre AS nombre_usuario,
           CASE 
               WHEN m.estado_ficha = '0' THEN 'FICHA RETIRADA'
               WHEN m.estado_ficha = '1' THEN 'ACTIVA'
           END as estado_ficha_texto
    FROM movimientos_encuesta_campo m
    LEFT JOIN barrios b ON m.id_bar = b.id_bar
    LEFT JOIN comunas c ON m.id_com = c.id_com
    LEFT JOIN departamentos d ON m.departamento_expedicion = d.cod_departamento
    LEFT JOIN municipios mu ON m.ciudad_expedicion = mu.cod_municipio
    LEFT JOIN usuarios u ON m.id_usu = u.id_usu
    WHERE m.fecha_movimiento BETWEEN '2025-11-01 00:00:00' AND '2025-11-21 23:59:59' AND m.id_usu = '1'
    ORDER BY m.fecha_movimiento DESC
    
[2025-11-21 09:52:48] Datos de movimientos llenados en el Excel. Total filas: 2
[2025-11-21 09:52:48] Hoja 2 - ESTADISTICAS creada
[2025-11-21 09:52:48] Estadísticas generadas correctamente
[2025-11-21 09:52:48] Archivo Excel generado y enviado correctamente: Movimientos_Encuesta_Campo_20251121_095248.xlsx
[2025-11-21 15:52:55] Iniciando exportarMovimientosCampo.php
[2025-11-21 15:52:55] Autoload cargado correctamente
[2025-11-21 15:52:55] Sesión iniciada
[2025-11-21 15:52:55] Conexión incluida
[2025-11-21 15:52:55] Conexión a BD verificada
[2025-11-21 09:52:55] Parámetros recibidos - fecha_inicio: 2025-11-01, fecha_fin: 2025-11-21, tipo_movimiento: , id_usu: 1
[2025-11-21 09:52:55] Hoja 1 - MOVIMIENTOS CAMPO creada
[2025-11-21 09:52:55] Filtro de fechas aplicado: 2025-11-01 00:00:00 a 2025-11-21 23:59:59
[2025-11-21 09:52:55] Filtrando por usuario específico: 1
[2025-11-21 09:52:55] WHERE construido: WHERE m.fecha_movimiento BETWEEN '2025-11-01 00:00:00' AND '2025-11-21 23:59:59' AND m.id_usu = '1'
[2025-11-21 09:52:55] Consulta de movimientos ejecutada correctamente. Filas encontradas: 2
[2025-11-21 09:52:55] SQL ejecutado: 
    SELECT m.*, 
           b.nombre_bar AS barrio_nombre, 
           c.nombre_com AS comuna_nombre,
           d.nombre_departamento AS departamento_nombre, 
           mu.nombre_municipio as ciudad_nombre,
           u.nombre AS nombre_usuario,
           CASE 
               WHEN m.estado_ficha = '0' THEN 'FICHA RETIRADA'
               WHEN m.estado_ficha = '1' THEN 'ACTIVA'
           END as estado_ficha_texto
    FROM movimientos_encuesta_campo m
    LEFT JOIN barrios b ON m.id_bar = b.id_bar
    LEFT JOIN comunas c ON m.id_com = c.id_com
    LEFT JOIN departamentos d ON m.departamento_expedicion = d.cod_departamento
    LEFT JOIN municipios mu ON m.ciudad_expedicion = mu.cod_municipio
    LEFT JOIN usuarios u ON m.id_usu = u.id_usu
    WHERE m.fecha_movimiento BETWEEN '2025-11-01 00:00:00' AND '2025-11-21 23:59:59' AND m.id_usu = '1'
    ORDER BY m.fecha_movimiento DESC
    
[2025-11-21 09:52:55] Datos de movimientos llenados en el Excel. Total filas: 2
[2025-11-21 09:52:55] Hoja 2 - ESTADISTICAS creada
[2025-11-21 09:52:55] Estadísticas generadas correctamente
[2025-11-21 09:52:55] Archivo Excel generado y enviado correctamente: Movimientos_Encuesta_Campo_20251121_095255.xlsx
[2025-11-21 15:53:12] Iniciando exportarMovimientosCampo.php
[2025-11-21 15:53:12] Autoload cargado correctamente
[2025-11-21 15:53:12] Sesión iniciada
[2025-11-21 15:53:12] Conexión incluida
[2025-11-21 15:53:12] Conexión a BD verificada
[2025-11-21 09:53:12] Parámetros recibidos - fecha_inicio: 2025-11-01, fecha_fin: 2025-11-21, tipo_movimiento: , id_usu: 1
[2025-11-21 09:53:12] Hoja 1 - MOVIMIENTOS CAMPO creada
[2025-11-21 09:53:12] Filtro de fechas aplicado: 2025-11-01 00:00:00 a 2025-11-21 23:59:59
[2025-11-21 09:53:12] Filtrando por usuario específico: 1
[2025-11-21 09:53:12] WHERE construido: WHERE m.fecha_movimiento BETWEEN '2025-11-01 00:00:00' AND '2025-11-21 23:59:59' AND m.id_usu = '1'
[2025-11-21 09:53:12] Consulta de movimientos ejecutada correctamente. Filas encontradas: 2
[2025-11-21 09:53:12] SQL ejecutado: 
    SELECT m.*, 
           b.nombre_bar AS barrio_nombre, 
           c.nombre_com AS comuna_nombre,
           d.nombre_departamento AS departamento_nombre, 
           mu.nombre_municipio as ciudad_nombre,
           u.nombre AS nombre_usuario,
           CASE 
               WHEN m.estado_ficha = '0' THEN 'FICHA RETIRADA'
               WHEN m.estado_ficha = '1' THEN 'ACTIVA'
           END as estado_ficha_texto
    FROM movimientos_encuesta_campo m
    LEFT JOIN barrios b ON m.id_bar = b.id_bar
    LEFT JOIN comunas c ON m.id_com = c.id_com
    LEFT JOIN departamentos d ON m.departamento_expedicion = d.cod_departamento
    LEFT JOIN municipios mu ON m.ciudad_expedicion = mu.cod_municipio
    LEFT JOIN usuarios u ON m.id_usu = u.id_usu
    WHERE m.fecha_movimiento BETWEEN '2025-11-01 00:00:00' AND '2025-11-21 23:59:59' AND m.id_usu = '1'
    ORDER BY m.fecha_movimiento DESC
    
[2025-11-21 09:53:12] Datos de movimientos llenados en el Excel. Total filas: 2
[2025-11-21 09:53:12] Hoja 2 - ESTADISTICAS creada
[2025-11-21 09:53:12] Estadísticas generadas correctamente
[2025-11-21 09:53:12] Archivo Excel generado y enviado correctamente: Movimientos_Encuesta_Campo_20251121_095312.xlsx
[2025-11-21 15:53:22] Iniciando exportarMovimientosCampo.php
[2025-11-21 15:53:22] Autoload cargado correctamente
[2025-11-21 15:53:22] Sesión iniciada
[2025-11-21 15:53:22] Conexión incluida
[2025-11-21 15:53:22] Conexión a BD verificada
[2025-11-21 09:53:22] Parámetros recibidos - fecha_inicio: 2025-11-01, fecha_fin: 2025-11-21, tipo_movimiento: , id_usu: todos
[2025-11-21 09:53:22] Hoja 1 - MOVIMIENTOS CAMPO creada
[2025-11-21 09:53:22] Filtro de fechas aplicado: 2025-11-01 00:00:00 a 2025-11-21 23:59:59
[2025-11-21 09:53:22] Exportando TODOS los encuestadores en el rango de fechas
[2025-11-21 09:53:22] WHERE construido: WHERE m.fecha_movimiento BETWEEN '2025-11-01 00:00:00' AND '2025-11-21 23:59:59'
[2025-11-21 09:53:22] Consulta de movimientos ejecutada correctamente. Filas encontradas: 2
[2025-11-21 09:53:22] SQL ejecutado: 
    SELECT m.*, 
           b.nombre_bar AS barrio_nombre, 
           c.nombre_com AS comuna_nombre,
           d.nombre_departamento AS departamento_nombre, 
           mu.nombre_municipio as ciudad_nombre,
           u.nombre AS nombre_usuario,
           CASE 
               WHEN m.estado_ficha = '0' THEN 'FICHA RETIRADA'
               WHEN m.estado_ficha = '1' THEN 'ACTIVA'
           END as estado_ficha_texto
    FROM movimientos_encuesta_campo m
    LEFT JOIN barrios b ON m.id_bar = b.id_bar
    LEFT JOIN comunas c ON m.id_com = c.id_com
    LEFT JOIN departamentos d ON m.departamento_expedicion = d.cod_departamento
    LEFT JOIN municipios mu ON m.ciudad_expedicion = mu.cod_municipio
    LEFT JOIN usuarios u ON m.id_usu = u.id_usu
    WHERE m.fecha_movimiento BETWEEN '2025-11-01 00:00:00' AND '2025-11-21 23:59:59'
    ORDER BY m.fecha_movimiento DESC
    
[2025-11-21 09:53:22] Datos de movimientos llenados en el Excel. Total filas: 2
[2025-11-21 09:53:22] Hoja 2 - ESTADISTICAS creada
[2025-11-21 09:53:22] Estadísticas generadas correctamente
[2025-11-21 09:53:22] Archivo Excel generado y enviado correctamente: Movimientos_Encuesta_Campo_20251121_095322.xlsx
[2025-11-21 15:53:33] Iniciando exportarIntegrantesMovimientosCampo.php
[2025-11-21 09:53:33] Parámetros recibidos - fecha_inicio: , fecha_fin: , tipo_movimiento: , id_usu: 1
[2025-11-21 09:53:33] Hoja 1 - TOTALES INTEGRANTES creada
[2025-11-21 09:53:33] Filtrando por usuario específico: 1
[2025-11-21 09:53:33] Consulta de totales ejecutada correctamente. Total integrantes: 0
[2025-11-21 09:53:33] Hoja de totales completada
[2025-11-21 09:53:33] Hoja 2 - DETALLE INTEGRANTES creada
[2025-11-21 09:53:33] Consulta de detalle ejecutada. Filas: 0
[2025-11-21 09:53:33] Detalle de integrantes llenado. Total filas: 0
[2025-11-21 09:53:33] Archivo Excel generado y enviado correctamente: Integrantes_Movimientos_Campo_20251121_095333.xlsx
[2025-11-21 16:52:27] Iniciando exportarEncuestaCampo.php
[2025-11-21 16:52:27] Autoload cargado correctamente
[2025-11-21 16:52:27] Sesión iniciada
[2025-11-21 16:52:27] Conexión incluida
[2025-11-21 16:52:27] Conexión a BD verificada
[2025-11-21 10:52:27] Parámetros recibidos - fecha_inicio: 2025-11-01, fecha_fin: 2025-11-21, id_usu: 1
[2025-11-21 10:52:27] Hoja 1 - ENCUESTAS DE CAMPO creada
[2025-11-21 10:52:27] Filtro de fechas aplicado: 2025-11-01 00:00:00 a 2025-11-21 23:59:59
[2025-11-21 10:52:27] Filtrando por usuario específico: 1
[2025-11-21 10:52:27] WHERE construido: WHERE ec.fecha_alta_encVenta BETWEEN '2025-11-01 00:00:00' AND '2025-11-21 23:59:59' AND ec.id_usu = '1'
[2025-11-21 10:52:27] Consulta de encuestas ejecutada correctamente. Filas encontradas: 3
[2025-11-21 10:52:27] SQL ejecutado: 
    SELECT ec.*, b.nombre_bar AS barrio_nombre, d.nombre_departamento AS departamento_nombre, 
           c.nombre_com AS comuna_nombre, m.nombre_municipio as ciudad_nombre,
           u.nombre AS nombre_usuario
    FROM encuestacampo ec
    LEFT JOIN barrios b ON ec.id_bar = b.id_bar
    LEFT JOIN departamentos d ON ec.departamento_expedicion = d.cod_departamento
    LEFT JOIN comunas c ON ec.id_com = c.id_com
    LEFT JOIN municipios m ON ec.ciudad_expedicion = m.cod_municipio
    LEFT JOIN usuarios u ON ec.id_usu = u.id_usu
    WHERE ec.fecha_alta_encVenta BETWEEN '2025-11-01 00:00:00' AND '2025-11-21 23:59:59' AND ec.id_usu = '1'
    ORDER BY ec.fecha_alta_encVenta DESC
    
[2025-11-21 10:52:27] Procesando registro 1 - ID: 13 - Documento: 123
[2025-11-21 10:52:27] Procesando registro 2 - ID: 12 - Documento: 123
[2025-11-21 10:52:27] Procesando registro 3 - ID: 10 - Documento: 123
[2025-11-21 10:52:27] Total de registros escritos en hoja 1: 3
[2025-11-21 10:52:27] Archivo Excel generado correctamente: encuestas_campo_2025-11-21_10-52-27.xlsx
[2025-11-21 16:52:34] Iniciando exportarEncuestaCampo.php
[2025-11-21 16:52:34] Autoload cargado correctamente
[2025-11-21 16:52:34] Sesión iniciada
[2025-11-21 16:52:34] Conexión incluida
[2025-11-21 16:52:34] Conexión a BD verificada
[2025-11-21 10:52:34] Parámetros recibidos - fecha_inicio: 2025-11-01, fecha_fin: 2025-11-21, id_usu: 1
[2025-11-21 10:52:34] Hoja 1 - ENCUESTAS DE CAMPO creada
[2025-11-21 10:52:34] Filtro de fechas aplicado: 2025-11-01 00:00:00 a 2025-11-21 23:59:59
[2025-11-21 10:52:34] Filtrando por usuario específico: 1
[2025-11-21 10:52:34] WHERE construido: WHERE ec.fecha_alta_encVenta BETWEEN '2025-11-01 00:00:00' AND '2025-11-21 23:59:59' AND ec.id_usu = '1'
[2025-11-21 10:52:34] Consulta de encuestas ejecutada correctamente. Filas encontradas: 3
[2025-11-21 10:52:34] SQL ejecutado: 
    SELECT ec.*, b.nombre_bar AS barrio_nombre, d.nombre_departamento AS departamento_nombre, 
           c.nombre_com AS comuna_nombre, m.nombre_municipio as ciudad_nombre,
           u.nombre AS nombre_usuario
    FROM encuestacampo ec
    LEFT JOIN barrios b ON ec.id_bar = b.id_bar
    LEFT JOIN departamentos d ON ec.departamento_expedicion = d.cod_departamento
    LEFT JOIN comunas c ON ec.id_com = c.id_com
    LEFT JOIN municipios m ON ec.ciudad_expedicion = m.cod_municipio
    LEFT JOIN usuarios u ON ec.id_usu = u.id_usu
    WHERE ec.fecha_alta_encVenta BETWEEN '2025-11-01 00:00:00' AND '2025-11-21 23:59:59' AND ec.id_usu = '1'
    ORDER BY ec.fecha_alta_encVenta DESC
    
[2025-11-21 10:52:34] Procesando registro 1 - ID: 13 - Documento: 123
[2025-11-21 10:52:34] Procesando registro 2 - ID: 12 - Documento: 123
[2025-11-21 10:52:34] Procesando registro 3 - ID: 10 - Documento: 123
[2025-11-21 10:52:34] Total de registros escritos en hoja 1: 3
[2025-11-21 10:52:34] Archivo Excel generado correctamente: encuestas_campo_2025-11-21_10-52-34.xlsx
[2026-01-29 15:47:30] Iniciando exportarEncuestaCampo.php
[2026-01-29 15:47:30] Autoload cargado correctamente
[2026-01-29 15:47:30] Sesión iniciada
[2026-01-29 15:47:30] Conexión incluida
[2026-01-29 15:47:30] Conexión a BD verificada
[2026-01-29 09:47:30] Parámetros recibidos - fecha_inicio: 2026-01-01, fecha_fin: 2026-01-29, id_usu: 1
[2026-01-29 09:47:30] Hoja 1 - ENCUESTAS DE CAMPO creada
[2026-01-29 09:47:30] Filtro de fechas aplicado: 2026-01-01 00:00:00 a 2026-01-29 23:59:59
[2026-01-29 09:47:30] Filtrando por usuario específico: 1
[2026-01-29 09:47:30] WHERE construido: WHERE ec.fecha_alta_encVenta BETWEEN '2026-01-01 00:00:00' AND '2026-01-29 23:59:59' AND ec.id_usu = '1'
[2026-01-29 09:47:30] Consulta de encuestas ejecutada correctamente. Filas encontradas: 1
[2026-01-29 09:47:30] SQL ejecutado: 
    SELECT ec.*, b.nombre_bar AS barrio_nombre, d.nombre_departamento AS departamento_nombre, 
           c.nombre_com AS comuna_nombre, m.nombre_municipio as ciudad_nombre,
           u.nombre AS nombre_usuario
    FROM encuestacampo ec
    LEFT JOIN barrios b ON ec.id_bar = b.id_bar
    LEFT JOIN departamentos d ON ec.departamento_expedicion = d.cod_departamento
    LEFT JOIN comunas c ON ec.id_com = c.id_com
    LEFT JOIN municipios m ON ec.ciudad_expedicion = m.cod_municipio
    LEFT JOIN usuarios u ON ec.id_usu = u.id_usu
    WHERE ec.fecha_alta_encVenta BETWEEN '2026-01-01 00:00:00' AND '2026-01-29 23:59:59' AND ec.id_usu = '1'
    ORDER BY ec.fecha_alta_encVenta DESC
    
[2026-01-29 09:47:30] Procesando registro 1 - ID: 9 - Documento: 9999
[2026-01-29 09:47:30] Total de registros escritos en hoja 1: 1
[2026-01-29 09:47:30] Archivo Excel generado correctamente: encuestas_campo_2026-01-29_09-47-30.xlsx
[2026-01-29 15:47:58] Iniciando exportarIntegrantesCampo.php
[2026-01-29 09:47:58] Parámetros recibidos - fecha_inicio: 2026-01-01, fecha_fin: 2026-01-31, id_usu: 1
[2026-01-29 09:47:58] Hoja 1 - TOTALES INTEGRANTES creada
[2026-01-29 09:47:58] Filtro de fechas aplicado: 2026-01-01 00:00:00 a 2026-01-31 23:59:59
[2026-01-29 09:47:58] Filtrando por usuario específico: 1
[2026-01-29 09:47:58] Consulta de totales ejecutada correctamente. Total integrantes: 3
[2026-01-29 09:47:58] Hoja 2 - DETALLE POR BARRIO creada
[2026-01-29 09:47:58] Hoja 3 - LISTADO INTEGRANTES creada
[2026-01-29 09:47:58] Exportación completada exitosamente
[2026-02-11 16:17:19] Iniciando exportarEncuestaCampo.php
[2026-02-11 16:17:19] Autoload cargado correctamente
[2026-02-11 16:17:19] Sesión iniciada
[2026-02-11 16:17:19] Conexión incluida
[2026-02-11 16:17:19] Conexión a BD verificada
[2026-02-11 10:17:19] Parámetros recibidos - fecha_inicio: 2026-02-01, fecha_fin: 2026-02-11, id_usu: todos
[2026-02-11 10:17:19] Hoja 1 - ENCUESTAS DE CAMPO creada
[2026-02-11 10:17:19] Filtro de fechas aplicado: 2026-02-01 00:00:00 a 2026-02-11 23:59:59
[2026-02-11 10:17:19] Exportando TODOS los encuestadores en el rango de fechas
[2026-02-11 10:17:19] WHERE construido: WHERE ec.fecha_alta_encVenta BETWEEN '2026-02-01 00:00:00' AND '2026-02-11 23:59:59'
[2026-02-11 10:17:19] Consulta de encuestas ejecutada correctamente. Filas encontradas: 508
[2026-02-11 10:17:19] SQL ejecutado: 
    SELECT ec.*, b.nombre_bar AS barrio_nombre, d.nombre_departamento AS departamento_nombre, 
           c.nombre_com AS comuna_nombre, m.nombre_municipio as ciudad_nombre,
           u.nombre AS nombre_usuario
    FROM encuestacampo ec
    LEFT JOIN barrios b ON ec.id_bar = b.id_bar
    LEFT JOIN departamentos d ON ec.departamento_expedicion = d.cod_departamento
    LEFT JOIN comunas c ON ec.id_com = c.id_com
    LEFT JOIN municipios m ON ec.ciudad_expedicion = m.cod_municipio
    LEFT JOIN usuarios u ON ec.id_usu = u.id_usu
    WHERE ec.fecha_alta_encVenta BETWEEN '2026-02-01 00:00:00' AND '2026-02-11 23:59:59'
    ORDER BY ec.fecha_alta_encVenta DESC
    
[2026-02-11 10:17:19] Procesando registro 1 - ID: 769 - Documento: 1076384762
[2026-02-11 10:17:19] Procesando registro 2 - ID: 768 - Documento: 10246413
[2026-02-11 10:17:19] Procesando registro 3 - ID: 767 - Documento: 10124386
[2026-02-11 10:17:19] Procesando registro 4 - ID: 766 - Documento: 42095760
[2026-02-11 10:17:19] Procesando registro 5 - ID: 765 - Documento: 25038009
[2026-02-11 10:17:19] Procesando registro 6 - ID: 764 - Documento: 26644510
[2026-02-11 10:17:19] Procesando registro 7 - ID: 763 - Documento: 4453038
[2026-02-11 10:17:19] Procesando registro 8 - ID: 762 - Documento: 66751580
[2026-02-11 10:17:19] Procesando registro 9 - ID: 761 - Documento: 6317901
[2026-02-11 10:17:19] Procesando registro 10 - ID: 760 - Documento: 1225092926
[2026-02-11 10:17:19] Procesando registro 11 - ID: 759 - Documento: 1012324860
[2026-02-11 10:17:19] Procesando registro 12 - ID: 758 - Documento: 52728489
[2026-02-11 10:17:19] Procesando registro 13 - ID: 757 - Documento: 1004473615
[2026-02-11 10:17:19] Procesando registro 14 - ID: 756 - Documento: 24673230
[2026-02-11 10:17:19] Procesando registro 15 - ID: 755 - Documento: 25175467
[2026-02-11 10:17:19] Procesando registro 16 - ID: 754 - Documento: 4511046
[2026-02-11 10:17:19] Procesando registro 17 - ID: 753 - Documento: 1014667266
[2026-02-11 10:17:19] Procesando registro 18 - ID: 752 - Documento: 31413815
[2026-02-11 10:17:19] Procesando registro 19 - ID: 751 - Documento: 15907802
[2026-02-11 10:17:19] Procesando registro 20 - ID: 750 - Documento: 3008159395
[2026-02-11 10:17:19] Procesando registro 21 - ID: 749 - Documento: 24410955
[2026-02-11 10:17:19] Procesando registro 22 - ID: 748 - Documento: 10107199
[2026-02-11 10:17:19] Procesando registro 23 - ID: 747 - Documento: 1126706439
[2026-02-11 10:17:19] Procesando registro 24 - ID: 746 - Documento: 6209504
[2026-02-11 10:17:19] Procesando registro 25 - ID: 745 - Documento: 1053851818
[2026-02-11 10:17:19] Procesando registro 26 - ID: 744 - Documento: 10103673
[2026-02-11 10:17:19] Procesando registro 27 - ID: 743 - Documento: 25078392
[2026-02-11 10:17:19] Procesando registro 28 - ID: 742 - Documento: 26386097
[2026-02-11 10:17:19] Procesando registro 29 - ID: 741 - Documento: 25146977
[2026-02-11 10:17:19] Procesando registro 30 - ID: 740 - Documento: 24955736
[2026-02-11 10:17:19] Procesando registro 31 - ID: 739 - Documento: 101434540
[2026-02-11 10:17:19] Procesando registro 32 - ID: 738 - Documento: 4513680
[2026-02-11 10:17:19] Procesando registro 33 - ID: 737 - Documento: 28816321
[2026-02-11 10:17:19] Procesando registro 34 - ID: 736 - Documento: 42072828
[2026-02-11 10:17:19] Procesando registro 35 - ID: 735 - Documento: 34041879
[2026-02-11 10:17:19] Procesando registro 36 - ID: 734 - Documento: 1006036725
[2026-02-11 10:17:19] Procesando registro 37 - ID: 733 - Documento: 18595568
[2026-02-11 10:17:19] Procesando registro 38 - ID: 732 - Documento: 1088266240
[2026-02-11 10:17:19] Procesando registro 39 - ID: 731 - Documento: 10091193
[2026-02-11 10:17:19] Procesando registro 40 - ID: 730 - Documento: 1006011317
[2026-02-11 10:17:19] Procesando registro 41 - ID: 729 - Documento: 9891328
[2026-02-11 10:17:19] Procesando registro 42 - ID: 728 - Documento: 5009829
[2026-02-11 10:17:19] Procesando registro 43 - ID: 727 - Documento: 42074712
[2026-02-11 10:17:19] Procesando registro 44 - ID: 726 - Documento: 24784814
[2026-02-11 10:17:19] Procesando registro 45 - ID: 725 - Documento: 24601346
[2026-02-11 10:17:19] Procesando registro 46 - ID: 724 - Documento: 24938273
[2026-02-11 10:17:19] Procesando registro 47 - ID: 723 - Documento: 25108538
[2026-02-11 10:17:19] Procesando registro 48 - ID: 722 - Documento: 18491724
[2026-02-11 10:17:19] Procesando registro 49 - ID: 721 - Documento: 79673723
[2026-02-11 10:17:19] Procesando registro 50 - ID: 720 - Documento: 31429454
[2026-02-11 10:17:19] Procesando registro 51 - ID: 719 - Documento: 10078926
[2026-02-11 10:17:19] Procesando registro 52 - ID: 718 - Documento: 51821003
[2026-02-11 10:17:19] Procesando registro 53 - ID: 717 - Documento: 11937736
[2026-02-11 10:17:19] Procesando registro 54 - ID: 716 - Documento: 24938489
[2026-02-11 10:17:19] Procesando registro 55 - ID: 715 - Documento: 31868429
[2026-02-11 10:17:19] Procesando registro 56 - ID: 714 - Documento: 25261929
[2026-02-11 10:17:19] Procesando registro 57 - ID: 713 - Documento: 974608
[2026-02-11 10:17:19] Procesando registro 58 - ID: 712 - Documento: 1088293148
[2026-02-11 10:17:19] Procesando registro 59 - ID: 711 - Documento: 10084229
[2026-02-11 10:17:19] Procesando registro 60 - ID: 710 - Documento: 14326580
[2026-02-11 10:17:19] Procesando registro 61 - ID: 709 - Documento: 66001081569700000827
[2026-02-11 10:17:19] Procesando registro 62 - ID: 708 - Documento: 79792061
[2026-02-11 10:17:19] Procesando registro 63 - ID: 707 - Documento: 1004683017
[2026-02-11 10:17:19] Procesando registro 64 - ID: 706 - Documento: 10140289
[2026-02-11 10:17:19] Procesando registro 65 - ID: 705 - Documento: 51837712
[2026-02-11 10:17:19] Procesando registro 66 - ID: 704 - Documento: 1229967
[2026-02-11 10:17:19] Procesando registro 67 - ID: 703 - Documento: 1088292650
[2026-02-11 10:17:19] Procesando registro 68 - ID: 702 - Documento: 9892968
[2026-02-11 10:17:19] Procesando registro 69 - ID: 701 - Documento: 39567820
[2026-02-11 10:17:19] Procesando registro 70 - ID: 700 - Documento: 28738905
[2026-02-11 10:17:19] Procesando registro 71 - ID: 699 - Documento: 42088340
[2026-02-11 10:17:19] Procesando registro 72 - ID: 698 - Documento: 1095949452
[2026-02-11 10:17:19] Procesando registro 73 - ID: 697 - Documento: 10084490
[2026-02-11 10:17:19] Procesando registro 74 - ID: 696 - Documento: 10067091
[2026-02-11 10:17:19] Procesando registro 75 - ID: 695 - Documento: 24948042
[2026-02-11 10:17:19] Procesando registro 76 - ID: 694 - Documento: 1088267476
[2026-02-11 10:17:19] Procesando registro 77 - ID: 692 - Documento: 1089718348
[2026-02-11 10:17:19] Procesando registro 78 - ID: 691 - Documento: 1088012934
[2026-02-11 10:17:19] Procesando registro 79 - ID: 690 - Documento: 24549316
[2026-02-11 10:17:19] Procesando registro 80 - ID: 689 - Documento: 34041619
[2026-02-11 10:17:19] Procesando registro 81 - ID: 688 - Documento: 42062712
[2026-02-11 10:17:19] Procesando registro 82 - ID: 687 - Documento: 1359352
[2026-02-11 10:17:19] Procesando registro 83 - ID: 686 - Documento: 4185827
[2026-02-11 10:17:19] Procesando registro 84 - ID: 685 - Documento: 1089748436
[2026-02-11 10:17:19] Procesando registro 85 - ID: 684 - Documento: 98704117
[2026-02-11 10:17:19] Procesando registro 86 - ID: 683 - Documento: 10135849
[2026-02-11 10:17:19] Procesando registro 87 - ID: 682 - Documento: 18516870
[2026-02-11 10:17:19] Procesando registro 88 - ID: 681 - Documento: 10115519
[2026-02-11 10:17:19] Procesando registro 89 - ID: 680 - Documento: 37115039
[2026-02-11 10:17:19] Procesando registro 90 - ID: 679 - Documento: 29843230
[2026-02-11 10:17:19] Procesando registro 91 - ID: 678 - Documento: 1070957372
[2026-02-11 10:17:19] Procesando registro 92 - ID: 677 - Documento: 1088292534
[2026-02-11 10:17:19] Procesando registro 93 - ID: 676 - Documento: 1031120911
[2026-02-11 10:17:19] Procesando registro 94 - ID: 675 - Documento: 16580708
[2026-02-11 10:17:19] Procesando registro 95 - ID: 674 - Documento: 82383594
[2026-02-11 10:17:19] Procesando registro 96 - ID: 673 - Documento: 64570215
[2026-02-11 10:17:19] Procesando registro 97 - ID: 672 - Documento: 52769613
[2026-02-11 10:17:19] Procesando registro 98 - ID: 671 - Documento: 10102810
[2026-02-11 10:17:19] Procesando registro 99 - ID: 669 - Documento: 4537197
[2026-02-11 10:17:19] Procesando registro 100 - ID: 668 - Documento: 1004997696
[2026-02-11 10:17:19] Procesando registro 101 - ID: 667 - Documento: 10122632
[2026-02-11 10:17:19] Procesando registro 102 - ID: 666 - Documento: 93409356
[2026-02-11 10:17:19] Procesando registro 103 - ID: 665 - Documento: 24388493
[2026-02-11 10:17:19] Procesando registro 104 - ID: 664 - Documento: 4584776
[2026-02-11 10:17:19] Procesando registro 105 - ID: 663 - Documento: 1088002837
[2026-02-11 10:17:19] Procesando registro 106 - ID: 662 - Documento: 52385897
[2026-02-11 10:17:19] Procesando registro 107 - ID: 661 - Documento: 10098168
[2026-02-11 10:17:19] Procesando registro 108 - ID: 660 - Documento: 34053235
[2026-02-11 10:17:19] Procesando registro 109 - ID: 659 - Documento: 42084722
[2026-02-11 10:17:19] Procesando registro 110 - ID: 658 - Documento: 4199162
[2026-02-11 10:17:19] Procesando registro 111 - ID: 657 - Documento: 100146232
[2026-02-11 10:17:19] Procesando registro 112 - ID: 656 - Documento: 9807773
[2026-02-11 10:17:19] Procesando registro 113 - ID: 655 - Documento: 10095298
[2026-02-11 10:17:19] Procesando registro 114 - ID: 654 - Documento: 16054115
[2026-02-11 10:17:19] Procesando registro 115 - ID: 653 - Documento: 42101823
[2026-02-11 10:17:19] Procesando registro 116 - ID: 652 - Documento: 10094371
[2026-02-11 10:17:19] Procesando registro 117 - ID: 651 - Documento: 5462923
[2026-02-11 10:17:19] Procesando registro 118 - ID: 650 - Documento: 1111671771
[2026-02-11 10:17:19] Procesando registro 119 - ID: 649 - Documento: 66681897
[2026-02-11 10:17:19] Procesando registro 120 - ID: 648 - Documento: 42076977
[2026-02-11 10:17:19] Procesando registro 121 - ID: 647 - Documento: 29153042
[2026-02-11 10:17:19] Procesando registro 122 - ID: 646 - Documento: 42060090
[2026-02-11 10:17:19] Procesando registro 123 - ID: 645 - Documento: 86007483
[2026-02-11 10:17:19] Procesando registro 124 - ID: 644 - Documento: 45559801
[2026-02-11 10:17:19] Procesando registro 125 - ID: 643 - Documento: 42084329
[2026-02-11 10:17:19] Procesando registro 126 - ID: 642 - Documento: 34040053
[2026-02-11 10:17:19] Procesando registro 127 - ID: 641 - Documento: 36850799
[2026-02-11 10:17:19] Procesando registro 128 - ID: 640 - Documento: 1088282362
[2026-02-11 10:17:19] Procesando registro 129 - ID: 639 - Documento: 16342995
[2026-02-11 10:17:19] Procesando registro 130 - ID: 638 - Documento: 4537447
[2026-02-11 10:17:19] Procesando registro 131 - ID: 637 - Documento: 10084363
[2026-02-11 10:17:19] Procesando registro 132 - ID: 636 - Documento: 10092211
[2026-02-11 10:17:19] Procesando registro 133 - ID: 635 - Documento: 10121737
[2026-02-11 10:17:19] Procesando registro 134 - ID: 634 - Documento: 10021509
[2026-02-11 10:17:19] Procesando registro 135 - ID: 633 - Documento: 24317862
[2026-02-11 10:17:19] Procesando registro 136 - ID: 632 - Documento: 13468745
[2026-02-11 10:17:19] Procesando registro 137 - ID: 631 - Documento: 1000337703
[2026-02-11 10:17:19] Procesando registro 138 - ID: 630 - Documento: 42077208
[2026-02-11 10:17:19] Procesando registro 139 - ID: 629 - Documento: 42004451
[2026-02-11 10:17:19] Procesando registro 140 - ID: 628 - Documento: 42000671
[2026-02-11 10:17:19] Procesando registro 141 - ID: 627 - Documento: 10092598
[2026-02-11 10:17:19] Procesando registro 142 - ID: 626 - Documento: 10109610
[2026-02-11 10:17:19] Procesando registro 143 - ID: 625 - Documento: 1054993283
[2026-02-11 10:17:19] Procesando registro 144 - ID: 624 - Documento: 24628639
[2026-02-11 10:17:19] Procesando registro 145 - ID: 623 - Documento: 24929839
[2026-02-11 10:17:19] Procesando registro 146 - ID: 622 - Documento: 24461490
[2026-02-11 10:17:19] Procesando registro 147 - ID: 621 - Documento: 15903060
[2026-02-11 10:17:19] Procesando registro 148 - ID: 620 - Documento: 42138446
[2026-02-11 10:17:19] Procesando registro 149 - ID: 619 - Documento: 42089276
[2026-02-11 10:17:19] Procesando registro 150 - ID: 618 - Documento: 24933778
[2026-02-11 10:17:19] Procesando registro 151 - ID: 617 - Documento: 42050889
[2026-02-11 10:17:19] Procesando registro 152 - ID: 616 - Documento: 94393891
[2026-02-11 10:17:19] Procesando registro 153 - ID: 615 - Documento: 10119318
[2026-02-11 10:17:19] Procesando registro 154 - ID: 614 - Documento: 31398818
[2026-02-11 10:17:19] Procesando registro 155 - ID: 613 - Documento: 42065597
[2026-02-11 10:17:19] Procesando registro 156 - ID: 612 - Documento: 10101210
[2026-02-11 10:17:19] Procesando registro 157 - ID: 611 - Documento: 1088295242
[2026-02-11 10:17:19] Procesando registro 158 - ID: 610 - Documento: 26386609
[2026-02-11 10:17:19] Procesando registro 159 - ID: 609 - Documento: 1098635877
[2026-02-11 10:17:19] Procesando registro 160 - ID: 608 - Documento: 4761831
[2026-02-11 10:17:19] Procesando registro 161 - ID: 607 - Documento: 1007390013
[2026-02-11 10:17:19] Procesando registro 162 - ID: 606 - Documento: 1088248035
[2026-02-11 10:17:19] Procesando registro 163 - ID: 605 - Documento: 7419767
[2026-02-11 10:17:19] Procesando registro 164 - ID: 604 - Documento: 7189717
[2026-02-11 10:17:19] Procesando registro 165 - ID: 603 - Documento: 1005781457
[2026-02-11 10:17:19] Procesando registro 166 - ID: 602 - Documento: 34052500
[2026-02-11 10:17:19] Procesando registro 167 - ID: 601 - Documento: 10061077
[2026-02-11 10:17:19] Procesando registro 168 - ID: 600 - Documento: 10069919
[2026-02-11 10:17:19] Procesando registro 169 - ID: 599 - Documento: 1010077393
[2026-02-11 10:17:19] Procesando registro 170 - ID: 598 - Documento: 1116922232
[2026-02-11 10:17:19] Procesando registro 171 - ID: 597 - Documento: 24393362
[2026-02-11 10:17:19] Procesando registro 172 - ID: 596 - Documento: 25064193
[2026-02-11 10:17:19] Procesando registro 173 - ID: 595 - Documento: 38900634
[2026-02-11 10:17:19] Procesando registro 174 - ID: 594 - Documento: 10125506
[2026-02-11 10:17:19] Procesando registro 175 - ID: 593 - Documento: 15914284
[2026-02-11 10:17:19] Procesando registro 176 - ID: 592 - Documento: 15928190
[2026-02-11 10:17:19] Procesando registro 177 - ID: 591 - Documento: 31404508
[2026-02-11 10:17:19] Procesando registro 178 - ID: 590 - Documento: 42055422
[2026-02-11 10:17:19] Procesando registro 179 - ID: 589 - Documento: 1004719466
[2026-02-11 10:17:19] Procesando registro 180 - ID: 588 - Documento: 1079990
[2026-02-11 10:17:19] Procesando registro 181 - ID: 587 - Documento: 4451753
[2026-02-11 10:17:19] Procesando registro 182 - ID: 586 - Documento: 41605575
[2026-02-11 10:17:19] Procesando registro 183 - ID: 585 - Documento: 1088261607
[2026-02-11 10:17:19] Procesando registro 184 - ID: 584 - Documento: 25060208
[2026-02-11 10:17:19] Procesando registro 185 - ID: 583 - Documento: 1314062
[2026-02-11 10:17:19] Procesando registro 186 - ID: 582 - Documento: 42060228
[2026-02-11 10:17:19] Procesando registro 187 - ID: 581 - Documento: 1007212166
[2026-02-11 10:17:19] Procesando registro 188 - ID: 580 - Documento: 31430037
[2026-02-11 10:17:19] Procesando registro 189 - ID: 579 - Documento: 24835977
[2026-02-11 10:17:19] Procesando registro 190 - ID: 578 - Documento: 1112772398
[2026-02-11 10:17:19] Procesando registro 191 - ID: 577 - Documento: 1088296351
[2026-02-11 10:17:19] Procesando registro 192 - ID: 576 - Documento: 42075542
[2026-02-11 10:17:19] Procesando registro 193 - ID: 575 - Documento: 1079604638
[2026-02-11 10:17:19] Procesando registro 194 - ID: 574 - Documento: 1004700907
[2026-02-11 10:17:19] Procesando registro 195 - ID: 573 - Documento: 1214731118
[2026-02-11 10:17:19] Procesando registro 196 - ID: 572 - Documento: 1088300346
[2026-02-11 10:17:19] Procesando registro 197 - ID: 571 - Documento: 21810987
[2026-02-11 10:17:19] Procesando registro 198 - ID: 570 - Documento: 1088340333
[2026-02-11 10:17:19] Procesando registro 199 - ID: 569 - Documento: 10093471
[2026-02-11 10:17:19] Procesando registro 200 - ID: 568 - Documento: 1087491499
[2026-02-11 10:17:19] Procesando registro 201 - ID: 567 - Documento: 42072313
[2026-02-11 10:17:19] Procesando registro 202 - ID: 566 - Documento: 10092998
[2026-02-11 10:17:19] Procesando registro 203 - ID: 565 - Documento: 1010004288
[2026-02-11 10:17:19] Procesando registro 204 - ID: 564 - Documento: 3744268
[2026-02-11 10:17:19] Procesando registro 205 - ID: 563 - Documento: 10017706
[2026-02-11 10:17:19] Procesando registro 206 - ID: 562 - Documento: 2504224
[2026-02-11 10:17:19] Procesando registro 207 - ID: 561 - Documento: 1400558
[2026-02-11 10:17:19] Procesando registro 208 - ID: 560 - Documento: 1088301863
[2026-02-11 10:17:19] Procesando registro 209 - ID: 559 - Documento: 42147577
[2026-02-11 10:17:19] Procesando registro 210 - ID: 558 - Documento: 5270819
[2026-02-11 10:17:19] Procesando registro 211 - ID: 557 - Documento: 10085818
[2026-02-11 10:17:19] Procesando registro 212 - ID: 556 - Documento: 6665470
[2026-02-11 10:17:19] Procesando registro 213 - ID: 555 - Documento: 16376066
[2026-02-11 10:17:19] Procesando registro 214 - ID: 554 - Documento: 1090401409
[2026-02-11 10:17:19] Procesando registro 215 - ID: 553 - Documento: 4530694
[2026-02-11 10:17:19] Procesando registro 216 - ID: 552 - Documento: 1067810093
[2026-02-11 10:17:19] Procesando registro 217 - ID: 551 - Documento: 1039682557
[2026-02-11 10:17:19] Procesando registro 218 - ID: 550 - Documento: 5375042
[2026-02-11 10:17:19] Procesando registro 219 - ID: 549 - Documento: 1088276287
[2026-02-11 10:17:19] Procesando registro 220 - ID: 548 - Documento: 71602830
[2026-02-11 10:17:19] Procesando registro 221 - ID: 547 - Documento: 60370284
[2026-02-11 10:17:19] Procesando registro 222 - ID: 546 - Documento: 10078926
[2026-02-11 10:17:19] Procesando registro 223 - ID: 545 - Documento: 1093769971
[2026-02-11 10:17:19] Procesando registro 224 - ID: 544 - Documento: 3529842
[2026-02-11 10:17:19] Procesando registro 225 - ID: 543 - Documento: 10101934
[2026-02-11 10:17:19] Procesando registro 226 - ID: 542 - Documento: 32513693
[2026-02-11 10:17:19] Procesando registro 227 - ID: 541 - Documento: 24526885
[2026-02-11 10:17:19] Procesando registro 228 - ID: 540 - Documento: 10111745
[2026-02-11 10:17:19] Procesando registro 229 - ID: 539 - Documento: 1088325127
[2026-02-11 10:17:19] Procesando registro 230 - ID: 538 - Documento: 93366098
[2026-02-11 10:17:19] Procesando registro 231 - ID: 537 - Documento: 1192808315
[2026-02-11 10:17:19] Procesando registro 232 - ID: 536 - Documento: 1007291224
[2026-02-11 10:17:19] Procesando registro 233 - ID: 535 - Documento: 1122783799
[2026-02-11 10:17:19] Procesando registro 234 - ID: 534 - Documento: 1004993598
[2026-02-11 10:17:19] Procesando registro 235 - ID: 533 - Documento: 10030246
[2026-02-11 10:17:19] Procesando registro 236 - ID: 532 - Documento: 10082189
[2026-02-11 10:17:19] Procesando registro 237 - ID: 531 - Documento: 1069487626
[2026-02-11 10:17:19] Procesando registro 238 - ID: 530 - Documento: 1112771994
[2026-02-11 10:17:19] Procesando registro 239 - ID: 529 - Documento: 1225095587
[2026-02-11 10:17:19] Procesando registro 240 - ID: 528 - Documento: 9761699
[2026-02-11 10:17:19] Procesando registro 241 - ID: 527 - Documento: 5894699
[2026-02-11 10:17:19] Procesando registro 242 - ID: 525 - Documento: 1087995038
[2026-02-11 10:17:19] Procesando registro 243 - ID: 524 - Documento: 24949831
[2026-02-11 10:17:19] Procesando registro 244 - ID: 522 - Documento: 18502521
[2026-02-11 10:17:19] Procesando registro 245 - ID: 519 - Documento: 42155976
[2026-02-11 10:17:19] Procesando registro 246 - ID: 518 - Documento: 14975197
[2026-02-11 10:17:19] Procesando registro 247 - ID: 515 - Documento: 1088240432
[2026-02-11 10:17:19] Procesando registro 248 - ID: 514 - Documento: 10098325
[2026-02-11 10:17:19] Procesando registro 249 - ID: 512 - Documento: 15320457
[2026-02-11 10:17:19] Procesando registro 250 - ID: 510 - Documento: 7164149
[2026-02-11 10:17:19] Procesando registro 251 - ID: 507 - Documento: 1107977867
[2026-02-11 10:17:19] Procesando registro 252 - ID: 505 - Documento: 1126584309
[2026-02-11 10:17:19] Procesando registro 253 - ID: 504 - Documento: 65717553
[2026-02-11 10:17:19] Procesando registro 254 - ID: 503 - Documento: 1126588924
[2026-02-11 10:17:19] Procesando registro 255 - ID: 502 - Documento: 42132298
[2026-02-11 10:17:19] Procesando registro 256 - ID: 501 - Documento: 29934518
[2026-02-11 10:17:19] Procesando registro 257 - ID: 500 - Documento: 42006544
[2026-02-11 10:17:19] Procesando registro 258 - ID: 499 - Documento: 34052172
[2026-02-11 10:17:19] Procesando registro 259 - ID: 498 - Documento: 3429869
[2026-02-11 10:17:19] Procesando registro 260 - ID: 497 - Documento: 10086146
[2026-02-11 10:17:20] Procesando registro 261 - ID: 496 - Documento: 14887246
[2026-02-11 10:17:20] Procesando registro 262 - ID: 495 - Documento: 1088353852
[2026-02-11 10:17:20] Procesando registro 263 - ID: 494 - Documento: 10023561
[2026-02-11 10:17:20] Procesando registro 264 - ID: 493 - Documento: 24645489
[2026-02-11 10:17:20] Procesando registro 265 - ID: 492 - Documento: 10074333
[2026-02-11 10:17:20] Procesando registro 266 - ID: 491 - Documento: 66943837
[2026-02-11 10:17:20] Procesando registro 267 - ID: 490 - Documento: 1088278747
[2026-02-11 10:17:20] Procesando registro 268 - ID: 489 - Documento: 1088303972
[2026-02-11 10:17:20] Procesando registro 269 - ID: 488 - Documento: 10005634
[2026-02-11 10:17:20] Procesando registro 270 - ID: 487 - Documento: 10193566
[2026-02-11 10:17:20] Procesando registro 271 - ID: 485 - Documento: 10118824
[2026-02-11 10:17:20] Procesando registro 272 - ID: 484 - Documento: 1125785909
[2026-02-11 10:17:20] Procesando registro 273 - ID: 483 - Documento: 10004725
[2026-02-11 10:17:20] Procesando registro 274 - ID: 482 - Documento: 10141634
[2026-02-11 10:17:20] Procesando registro 275 - ID: 481 - Documento: 1088307591
[2026-02-11 10:17:20] Procesando registro 276 - ID: 480 - Documento: 18596044
[2026-02-11 10:17:20] Procesando registro 277 - ID: 479 - Documento: 115185439
[2026-02-11 10:17:20] Procesando registro 278 - ID: 478 - Documento: 31232109
[2026-02-11 10:17:20] Procesando registro 279 - ID: 477 - Documento: 1004685574
[2026-02-11 10:17:20] Procesando registro 280 - ID: 476 - Documento: 35595358
[2026-02-11 10:17:20] Procesando registro 281 - ID: 475 - Documento: 71386772
[2026-02-11 10:17:20] Procesando registro 282 - ID: 474 - Documento: 52244301
[2026-02-11 10:17:20] Procesando registro 283 - ID: 472 - Documento: 31946078
[2026-02-11 10:17:20] Procesando registro 284 - ID: 471 - Documento: 24953216
[2026-02-11 10:17:20] Procesando registro 285 - ID: 470 - Documento: 1089383881
[2026-02-11 10:17:20] Procesando registro 286 - ID: 469 - Documento: 25058823
[2026-02-11 10:17:20] Procesando registro 287 - ID: 468 - Documento: 25246048
[2026-02-11 10:17:20] Procesando registro 288 - ID: 467 - Documento: 1053818297
[2026-02-11 10:17:20] Procesando registro 289 - ID: 466 - Documento: 1089931156
[2026-02-11 10:17:20] Procesando registro 290 - ID: 465 - Documento: 25210307
[2026-02-11 10:17:20] Procesando registro 291 - ID: 464 - Documento: 18500833
[2026-02-11 10:17:20] Procesando registro 292 - ID: 463 - Documento: 10128303
[2026-02-11 10:17:20] Procesando registro 293 - ID: 462 - Documento: 3475490
[2026-02-11 10:17:20] Procesando registro 294 - ID: 461 - Documento: 1054986758
[2026-02-11 10:17:20] Procesando registro 295 - ID: 460 - Documento: 1088257267
[2026-02-11 10:17:20] Procesando registro 296 - ID: 459 - Documento: 16446609
[2026-02-11 10:17:20] Procesando registro 297 - ID: 458 - Documento: 7369610
[2026-02-11 10:17:20] Procesando registro 298 - ID: 457 - Documento: 10125700
[2026-02-11 10:17:20] Procesando registro 299 - ID: 456 - Documento: 67017124
[2026-02-11 10:17:20] Procesando registro 300 - ID: 455 - Documento: 1088320101
[2026-02-11 10:17:20] Procesando registro 301 - ID: 454 - Documento: 1088281975
[2026-02-11 10:17:20] Procesando registro 302 - ID: 453 - Documento: 25016962
[2026-02-11 10:17:20] Procesando registro 303 - ID: 452 - Documento: 42117001
[2026-02-11 10:17:20] Procesando registro 304 - ID: 451 - Documento: 10096753
[2026-02-11 10:17:20] Procesando registro 305 - ID: 450 - Documento: 1053828582
[2026-02-11 10:17:20] Procesando registro 306 - ID: 449 - Documento: 9873357
[2026-02-11 10:17:20] Procesando registro 307 - ID: 448 - Documento: 25159770
[2026-02-11 10:17:20] Procesando registro 308 - ID: 447 - Documento: 4392332
[2026-02-11 10:17:20] Procesando registro 309 - ID: 446 - Documento: 1002943828
[2026-02-11 10:17:20] Procesando registro 310 - ID: 445 - Documento: 10104143
[2026-02-11 10:17:20] Procesando registro 311 - ID: 444 - Documento: 3693838
[2026-02-11 10:17:20] Procesando registro 312 - ID: 443 - Documento: 252110
[2026-02-11 10:17:20] Procesando registro 313 - ID: 442 - Documento: 1128460297
[2026-02-11 10:17:20] Procesando registro 314 - ID: 441 - Documento: 25244073
[2026-02-11 10:17:20] Procesando registro 315 - ID: 440 - Documento: 34051389
[2026-02-11 10:17:20] Procesando registro 316 - ID: 439 - Documento: 24511237
[2026-02-11 10:17:20] Procesando registro 317 - ID: 438 - Documento: 1089382226
[2026-02-11 10:17:20] Procesando registro 318 - ID: 437 - Documento: 25195279
[2026-02-11 10:17:20] Procesando registro 319 - ID: 436 - Documento: 108836999
[2026-02-11 10:17:20] Procesando registro 320 - ID: 435 - Documento: 4513880
[2026-02-11 10:17:20] Procesando registro 321 - ID: 434 - Documento: 30384975
[2026-02-11 10:17:20] Procesando registro 322 - ID: 433 - Documento: 51901932
[2026-02-11 10:17:20] Procesando registro 323 - ID: 432 - Documento: 60288591
[2026-02-11 10:17:20] Procesando registro 324 - ID: 431 - Documento: 1349013
[2026-02-11 10:17:20] Procesando registro 325 - ID: 430 - Documento: 24337939
[2026-02-11 10:17:20] Procesando registro 326 - ID: 429 - Documento: 2680383
[2026-02-11 10:17:20] Procesando registro 327 - ID: 428 - Documento: 10091997
[2026-02-11 10:17:20] Procesando registro 328 - ID: 427 - Documento: 93451814
[2026-02-11 10:17:20] Procesando registro 329 - ID: 426 - Documento: 42148297
[2026-02-11 10:17:20] Procesando registro 330 - ID: 425 - Documento: 60410625
[2026-02-11 10:17:20] Procesando registro 331 - ID: 424 - Documento: 16330069
[2026-02-11 10:17:20] Procesando registro 332 - ID: 423 - Documento: 30284524
[2026-02-11 10:17:20] Procesando registro 333 - ID: 422 - Documento: 42140158
[2026-02-11 10:17:20] Procesando registro 334 - ID: 421 - Documento: 24686797
[2026-02-11 10:17:20] Procesando registro 335 - ID: 420 - Documento: 1193463885
[2026-02-11 10:17:20] Procesando registro 336 - ID: 419 - Documento: 10064520
[2026-02-11 10:17:20] Procesando registro 337 - ID: 418 - Documento: 1089932895
[2026-02-11 10:17:20] Procesando registro 338 - ID: 417 - Documento: 1002938912
[2026-02-11 10:17:20] Procesando registro 339 - ID: 416 - Documento: 27891234
[2026-02-11 10:17:20] Procesando registro 340 - ID: 415 - Documento: 1088348512
[2026-02-11 10:17:20] Procesando registro 341 - ID: 414 - Documento: 42090749
[2026-02-11 10:17:20] Procesando registro 342 - ID: 413 - Documento: 25058199
[2026-02-11 10:17:20] Procesando registro 343 - ID: 412 - Documento: 28947555
[2026-02-11 10:17:20] Procesando registro 344 - ID: 411 - Documento: 42087228
[2026-02-11 10:17:20] Procesando registro 345 - ID: 410 - Documento: 1088341711
[2026-02-11 10:17:20] Procesando registro 346 - ID: 409 - Documento: 10077411
[2026-02-11 10:17:20] Procesando registro 347 - ID: 408 - Documento: 24549678
[2026-02-11 10:17:20] Procesando registro 348 - ID: 407 - Documento: 4531981
[2026-02-11 10:17:20] Procesando registro 349 - ID: 406 - Documento: 10201187
[2026-02-11 10:17:20] Procesando registro 350 - ID: 405 - Documento: 42076713
[2026-02-11 10:17:20] Procesando registro 351 - ID: 404 - Documento: 14884509
[2026-02-11 10:17:20] Procesando registro 352 - ID: 403 - Documento: 10103683
[2026-02-11 10:17:20] Procesando registro 353 - ID: 402 - Documento: 1088258536
[2026-02-11 10:17:20] Procesando registro 354 - ID: 401 - Documento: 10075841
[2026-02-11 10:17:20] Procesando registro 355 - ID: 400 - Documento: 1088268721
[2026-02-11 10:17:20] Procesando registro 356 - ID: 399 - Documento: 1088341096
[2026-02-11 10:17:20] Procesando registro 357 - ID: 398 - Documento: 1088268721
[2026-02-11 10:17:20] Procesando registro 358 - ID: 397 - Documento: 42056058
[2026-02-11 10:17:20] Procesando registro 359 - ID: 396 - Documento: 10122691
[2026-02-11 10:17:20] Procesando registro 360 - ID: 395 - Documento: 10062033
[2026-02-11 10:17:20] Procesando registro 361 - ID: 394 - Documento: 4543284
[2026-02-11 10:17:20] Procesando registro 362 - ID: 393 - Documento: 25103308
[2026-02-11 10:17:20] Procesando registro 363 - ID: 392 - Documento: 23324225
[2026-02-11 10:17:20] Procesando registro 364 - ID: 391 - Documento: 10007999
[2026-02-11 10:17:20] Procesando registro 365 - ID: 390 - Documento: 24949733
[2026-02-11 10:17:20] Procesando registro 366 - ID: 389 - Documento: 24412554
[2026-02-11 10:17:20] Procesando registro 367 - ID: 388 - Documento: 42064979
[2026-02-11 10:17:20] Procesando registro 368 - ID: 387 - Documento: 24548722
[2026-02-11 10:17:20] Procesando registro 369 - ID: 386 - Documento: 111787668
[2026-02-11 10:17:20] Procesando registro 370 - ID: 385 - Documento: 43255114
[2026-02-11 10:17:20] Procesando registro 371 - ID: 384 - Documento: 1193872
[2026-02-11 10:17:20] Procesando registro 372 - ID: 383 - Documento: 1081818176
[2026-02-11 10:17:20] Procesando registro 373 - ID: 382 - Documento: 10098975
[2026-02-11 10:17:20] Procesando registro 374 - ID: 381 - Documento: 25244285
[2026-02-11 10:17:20] Procesando registro 375 - ID: 380 - Documento: 10121462
[2026-02-11 10:17:20] Procesando registro 376 - ID: 379 - Documento: 16486050
[2026-02-11 10:17:20] Procesando registro 377 - ID: 378 - Documento: 42150437
[2026-02-11 10:17:20] Procesando registro 378 - ID: 377 - Documento: 66938868
[2026-02-11 10:17:20] Procesando registro 379 - ID: 376 - Documento: 10094495
[2026-02-11 10:17:20] Procesando registro 380 - ID: 375 - Documento: 1024516239
[2026-02-11 10:17:20] Procesando registro 381 - ID: 374 - Documento: 1088285563
[2026-02-11 10:17:20] Procesando registro 382 - ID: 373 - Documento: 1088315086
[2026-02-11 10:17:20] Procesando registro 383 - ID: 372 - Documento: 1004775230
[2026-02-11 10:17:20] Procesando registro 384 - ID: 371 - Documento: 1036838140
[2026-02-11 10:17:20] Procesando registro 385 - ID: 370 - Documento: 1088349493
[2026-02-11 10:17:20] Procesando registro 386 - ID: 369 - Documento: 1054925272
[2026-02-11 10:17:20] Procesando registro 387 - ID: 368 - Documento: 1087647815
[2026-02-11 10:17:20] Procesando registro 388 - ID: 367 - Documento: 1088347769
[2026-02-11 10:17:20] Procesando registro 389 - ID: 366 - Documento: 4735208
[2026-02-11 10:17:20] Procesando registro 390 - ID: 365 - Documento: 25214816
[2026-02-11 10:17:20] Procesando registro 391 - ID: 364 - Documento: 42156853
[2026-02-11 10:17:20] Procesando registro 392 - ID: 363 - Documento: 1006523682
[2026-02-11 10:17:20] Procesando registro 393 - ID: 362 - Documento: 10015056
[2026-02-11 10:17:20] Procesando registro 394 - ID: 361 - Documento: 18513394
[2026-02-11 10:17:20] Procesando registro 395 - ID: 360 - Documento: 1112789674
[2026-02-11 10:17:20] Procesando registro 396 - ID: 359 - Documento: 24549533
[2026-02-11 10:17:20] Procesando registro 397 - ID: 358 - Documento: 29775656
[2026-02-11 10:17:20] Procesando registro 398 - ID: 357 - Documento: 1239490808
[2026-02-11 10:17:20] Procesando registro 399 - ID: 356 - Documento: 1006319291
[2026-02-11 10:17:20] Procesando registro 400 - ID: 355 - Documento: 42079554
[2026-02-11 10:17:20] Procesando registro 401 - ID: 354 - Documento: 10071345
[2026-02-11 10:17:20] Procesando registro 402 - ID: 353 - Documento: 79375365
[2026-02-11 10:17:20] Procesando registro 403 - ID: 352 - Documento: 8192348
[2026-02-11 10:17:20] Procesando registro 404 - ID: 351 - Documento: 25074224
[2026-02-11 10:17:20] Procesando registro 405 - ID: 350 - Documento: 59825846
[2026-02-11 10:17:20] Procesando registro 406 - ID: 349 - Documento: 6456752
[2026-02-11 10:17:20] Procesando registro 407 - ID: 348 - Documento: 1088308069
[2026-02-11 10:17:20] Procesando registro 408 - ID: 347 - Documento: 24414557
[2026-02-11 10:17:20] Procesando registro 409 - ID: 346 - Documento: 42062999
[2026-02-11 10:17:20] Procesando registro 410 - ID: 345 - Documento: 1112128403
[2026-02-11 10:17:20] Procesando registro 411 - ID: 344 - Documento: 42028238
[2026-02-11 10:17:20] Procesando registro 412 - ID: 343 - Documento: 42002471
[2026-02-11 10:17:20] Procesando registro 413 - ID: 342 - Documento: 42103427
[2026-02-11 10:17:20] Procesando registro 414 - ID: 341 - Documento: 1111199273
[2026-02-11 10:17:20] Procesando registro 415 - ID: 340 - Documento: 1105363202
[2026-02-11 10:17:20] Procesando registro 416 - ID: 339 - Documento: 24623631
[2026-02-11 10:17:20] Procesando registro 417 - ID: 338 - Documento: 5039261
[2026-02-11 10:17:20] Procesando registro 418 - ID: 337 - Documento: 10888330821
[2026-02-11 10:17:20] Procesando registro 419 - ID: 336 - Documento: 1054567008
[2026-02-11 10:17:20] Procesando registro 420 - ID: 335 - Documento: 9871616
[2026-02-11 10:17:20] Procesando registro 421 - ID: 334 - Documento: 1007134817
[2026-02-11 10:17:20] Procesando registro 422 - ID: 333 - Documento: 4941278
[2026-02-11 10:17:20] Procesando registro 423 - ID: 332 - Documento: 9870312
[2026-02-11 10:17:20] Procesando registro 424 - ID: 331 - Documento: 4590481
[2026-02-11 10:17:20] Procesando registro 425 - ID: 330 - Documento: 1062331766
[2026-02-11 10:17:20] Procesando registro 426 - ID: 329 - Documento: 29820906
[2026-02-11 10:17:20] Procesando registro 427 - ID: 328 - Documento: 42075582
[2026-02-11 10:17:20] Procesando registro 428 - ID: 327 - Documento: 42055605
[2026-02-11 10:17:20] Procesando registro 429 - ID: 326 - Documento: 18505136
[2026-02-11 10:17:20] Procesando registro 430 - ID: 325 - Documento: 9867026
[2026-02-11 10:17:20] Procesando registro 431 - ID: 324 - Documento: 15989106
[2026-02-11 10:17:20] Procesando registro 432 - ID: 323 - Documento: 8092864
[2026-02-11 10:17:20] Procesando registro 433 - ID: 322 - Documento: 31424777
[2026-02-11 10:17:20] Procesando registro 434 - ID: 321 - Documento: 1088296529
[2026-02-11 10:17:20] Procesando registro 435 - ID: 320 - Documento: 80831014
[2026-02-11 10:17:20] Procesando registro 436 - ID: 319 - Documento: 10097409
[2026-02-11 10:17:20] Procesando registro 437 - ID: 318 - Documento: 1088329366
[2026-02-11 10:17:20] Procesando registro 438 - ID: 317 - Documento: 1127454222
[2026-02-11 10:17:20] Procesando registro 439 - ID: 316 - Documento: 5817459
[2026-02-11 10:17:20] Procesando registro 440 - ID: 315 - Documento: 24815197
[2026-02-11 10:17:20] Procesando registro 441 - ID: 314 - Documento: 42144399
[2026-02-11 10:17:20] Procesando registro 442 - ID: 313 - Documento: 4741073
[2026-02-11 10:17:20] Procesando registro 443 - ID: 312 - Documento: 4710158
[2026-02-11 10:17:20] Procesando registro 444 - ID: 311 - Documento: 34044168
[2026-02-11 10:17:20] Procesando registro 445 - ID: 310 - Documento: 16202402
[2026-02-11 10:17:20] Procesando registro 446 - ID: 309 - Documento: 1088342306
[2026-02-11 10:17:20] Procesando registro 447 - ID: 308 - Documento: 10077100
[2026-02-11 10:17:20] Procesando registro 448 - ID: 307 - Documento: 30083834
[2026-02-11 10:17:20] Procesando registro 449 - ID: 306 - Documento: 24661775
[2026-02-11 10:17:20] Procesando registro 450 - ID: 305 - Documento: 1088305466
[2026-02-11 10:17:20] Procesando registro 451 - ID: 304 - Documento: 25036557
[2026-02-11 10:17:20] Procesando registro 452 - ID: 303 - Documento: 34053666
[2026-02-11 10:17:20] Procesando registro 453 - ID: 302 - Documento: 1079410379
[2026-02-11 10:17:20] Procesando registro 454 - ID: 301 - Documento: 24644620
[2026-02-11 10:17:20] Procesando registro 455 - ID: 300 - Documento: 10115612
[2026-02-11 10:17:20] Procesando registro 456 - ID: 299 - Documento: 10098860
[2026-02-11 10:17:20] Procesando registro 457 - ID: 298 - Documento: 42116732
[2026-02-11 10:17:20] Procesando registro 458 - ID: 297 - Documento: 25201785
[2026-02-11 10:17:20] Procesando registro 459 - ID: 296 - Documento: 10026723
[2026-02-11 10:17:20] Procesando registro 460 - ID: 295 - Documento: 43422299
[2026-02-11 10:17:20] Procesando registro 461 - ID: 294 - Documento: 75035991
[2026-02-11 10:17:20] Procesando registro 462 - ID: 293 - Documento: 10107335
[2026-02-11 10:17:20] Procesando registro 463 - ID: 291 - Documento: 1004683823
[2026-02-11 10:17:20] Procesando registro 464 - ID: 290 - Documento: 75104628
[2026-02-11 10:17:20] Procesando registro 465 - ID: 289 - Documento: 10092820
[2026-02-11 10:17:20] Procesando registro 466 - ID: 288 - Documento: 42133701
[2026-02-11 10:17:20] Procesando registro 467 - ID: 286 - Documento: 29927543
[2026-02-11 10:17:20] Procesando registro 468 - ID: 285 - Documento: 10030547
[2026-02-11 10:17:20] Procesando registro 469 - ID: 284 - Documento: 42146709
[2026-02-11 10:17:20] Procesando registro 470 - ID: 283 - Documento: 1088278594
[2026-02-11 10:17:20] Procesando registro 471 - ID: 282 - Documento: 8216160
[2026-02-11 10:17:20] Procesando registro 472 - ID: 281 - Documento: 31278177
[2026-02-11 10:17:20] Procesando registro 473 - ID: 280 - Documento: 4336700
[2026-02-11 10:17:20] Procesando registro 474 - ID: 279 - Documento: 10021888
[2026-02-11 10:17:20] Procesando registro 475 - ID: 278 - Documento: 87945754
[2026-02-11 10:17:20] Procesando registro 476 - ID: 277 - Documento: 1006972508
[2026-02-11 10:17:20] Procesando registro 477 - ID: 276 - Documento: 15953302
[2026-02-11 10:17:20] Procesando registro 478 - ID: 275 - Documento: 1104256344
[2026-02-11 10:17:20] Procesando registro 479 - ID: 274 - Documento: 10079412004
[2026-02-11 10:17:20] Procesando registro 480 - ID: 273 - Documento: 1193540140
[2026-02-11 10:17:20] Procesando registro 481 - ID: 272 - Documento: 24949015
[2026-02-11 10:17:20] Procesando registro 482 - ID: 271 - Documento: 23493124
[2026-02-11 10:17:20] Procesando registro 483 - ID: 269 - Documento: 1004719138
[2026-02-11 10:17:20] Procesando registro 484 - ID: 268 - Documento: 1088020890
[2026-02-11 10:17:20] Procesando registro 485 - ID: 267 - Documento: 1088286026
[2026-02-11 10:17:20] Procesando registro 486 - ID: 266 - Documento: 54257702
[2026-02-11 10:17:20] Procesando registro 487 - ID: 265 - Documento: 42090693
[2026-02-11 10:17:20] Procesando registro 488 - ID: 264 - Documento: 2274836
[2026-02-11 10:17:20] Procesando registro 489 - ID: 263 - Documento: 1090335478
[2026-02-11 10:17:20] Procesando registro 490 - ID: 262 - Documento: 7537641
[2026-02-11 10:17:20] Procesando registro 491 - ID: 261 - Documento: 42055678
[2026-02-11 10:17:20] Procesando registro 492 - ID: 260 - Documento: 1088265511
[2026-02-11 10:17:20] Procesando registro 493 - ID: 259 - Documento: 4672401
[2026-02-11 10:17:20] Procesando registro 494 - ID: 258 - Documento: 39057968
[2026-02-11 10:17:20] Procesando registro 495 - ID: 257 - Documento: 1115094082
[2026-02-11 10:17:20] Procesando registro 496 - ID: 256 - Documento: 10130447
[2026-02-11 10:17:20] Procesando registro 497 - ID: 255 - Documento: 1088830725
[2026-02-11 10:17:20] Procesando registro 498 - ID: 254 - Documento: 1093775088
[2026-02-11 10:17:20] Procesando registro 499 - ID: 253 - Documento: 10093853
[2026-02-11 10:17:20] Procesando registro 500 - ID: 252 - Documento: 1004735942
[2026-02-11 10:17:20] Procesando registro 501 - ID: 251 - Documento: 1088345608
[2026-02-11 10:17:20] Procesando registro 502 - ID: 250 - Documento: 1090339084
[2026-02-11 10:17:20] Procesando registro 503 - ID: 249 - Documento: 1088354448
[2026-02-11 10:17:20] Procesando registro 504 - ID: 248 - Documento: 65768399
[2026-02-11 10:17:20] Procesando registro 505 - ID: 247 - Documento: 25244834
[2026-02-11 10:17:20] Procesando registro 506 - ID: 246 - Documento: 1088311374
[2026-02-11 10:17:20] Procesando registro 507 - ID: 245 - Documento: 1088104823
[2026-02-11 10:17:20] Procesando registro 508 - ID: 244 - Documento: 31134823
[2026-02-11 10:17:20] Total de registros escritos en hoja 1: 508
[2026-02-11 10:17:20] Archivo Excel generado correctamente: encuestas_campo_2026-02-11_10-17-20.xlsx
[2026-02-11 16:17:54] Iniciando exportarIntegrantesCampo.php
[2026-02-11 10:17:55] Parámetros recibidos - fecha_inicio: 2026-02-01, fecha_fin: 2026-02-11, id_usu: todos
[2026-02-11 10:17:55] Hoja 1 - TOTALES INTEGRANTES creada
[2026-02-11 10:17:55] Filtro de fechas aplicado: 2026-02-01 00:00:00 a 2026-02-11 23:59:59
[2026-02-11 10:17:55] Consulta de totales ejecutada correctamente. Total integrantes: 650
[2026-02-11 10:17:55] Hoja 2 - DETALLE POR BARRIO creada
[2026-02-11 10:17:55] Hoja 3 - LISTADO INTEGRANTES creada
[2026-02-11 10:17:55] Exportación completada exitosamente
